<?xml version="1.0" encoding="UTF-8"?>
<testng-results ignored="0" total="3" passed="3" failed="0" skipped="0">
  <reporter-output>
  </reporter-output>
  <suite started-at="2022-04-14T12:21:54 IST" name="Suite" finished-at="2022-04-14T12:21:54 IST" duration-ms="41">
    <groups>
    </groups>
    <test started-at="2022-04-14T12:21:54 IST" name="Test" finished-at="2022-04-14T12:21:54 IST" duration-ms="41">
      <class name="com.crm.comcast.SDET32_GitPractice.ClassD">
        <test-method signature="demoTest()[pri:0, instance:com.crm.comcast.SDET32_GitPractice.ClassD@62230c58]" started-at="2022-04-14T12:21:54 IST" name="demoTest" finished-at="2022-04-14T12:21:54 IST" duration-ms="7" status="PASS">
          <reporter-output>
          </reporter-output>
        </test-method> <!-- demoTest -->
      </class> <!-- com.crm.comcast.SDET32_GitPractice.ClassD -->
      <class name="com.crm.comcast.SDET32_GitPractice.ClassB">
        <test-method signature="demoTest()[pri:0, instance:com.crm.comcast.SDET32_GitPractice.ClassB@b62d79]" started-at="2022-04-14T12:21:54 IST" name="demoTest" finished-at="2022-04-14T12:21:54 IST" duration-ms="1" status="PASS">
          <reporter-output>
          </reporter-output>
        </test-method> <!-- demoTest -->
      </class> <!-- com.crm.comcast.SDET32_GitPractice.ClassB -->
      <class name="com.crm.comcast.SDET32_GitPractice.ClassA">
        <test-method signature="gitPractice()[pri:0, instance:com.crm.comcast.SDET32_GitPractice.ClassA@2accdbb5]" started-at="2022-04-14T12:21:54 IST" name="gitPractice" finished-at="2022-04-14T12:21:54 IST" duration-ms="1" status="PASS">
          <reporter-output>
          </reporter-output>
        </test-method> <!-- gitPractice -->
      </class> <!-- com.crm.comcast.SDET32_GitPractice.ClassA -->
    </test> <!-- Test -->
  </suite> <!-- Suite -->
</testng-results>
