<?xml version="1.0" encoding="UTF-8"?>
<!-- Generated by org.testng.reporters.JUnitXMLReporter -->
<testsuite ignored="0" hostname="LAPTOP-L7MCKRT1" failures="0" tests="3" name="Test" time="0.041" errors="0" timestamp="2022-04-14T12:21:54 IST">
  <testcase classname="com.crm.comcast.SDET32_GitPractice.ClassD" name="demoTest" time="0.007"/>
  <testcase classname="com.crm.comcast.SDET32_GitPractice.ClassA" name="gitPractice" time="0.001"/>
  <testcase classname="com.crm.comcast.SDET32_GitPractice.ClassB" name="demoTest" time="0.001"/>
</testsuite> <!-- Test -->
